
============================================================
Finding and expanding deals from OKC
Regions: europe
Threshold: ±10%
Min similar deals required: 5
============================================================

[1/2] Running Explore scraper for OKC → europe...
[✓] Found 53 destinations in europe

[✓] Total: 53 unique destinations (deduplicated from 53)
[✓] 53 deals have valid dates for expansion

[info] Taking top 15 cheapest deals from each of 1 regions
  europe: 53 deals (cheapest: $428)

[2/2] Expanding 15 deals...

--- Batch 1 (1-2 of 15) ---
[1/15] Expanding: OKC → Dublin ($428)
[2/15] Expanding: OKC → Barcelona ($434)
[✓] Dublin: 48 similar dates - KEEPING
[✓] Barcelona: 5 similar dates - KEEPING

--- Batch 2 (3-4 of 15) ---
[3/15] Expanding: OKC → Madrid ($438)
[4/15] Zürich - no IATA mapping
[✗] Madrid: Error - local variable 'actual_destination' referenced bef

--- Batch 3 (5-6 of 15) ---
[5/15] Expanding: OKC → Stockholm ($480)
[6/15] Expanding: OKC → Helsinki ($482)
[✓] Stockholm: 41 similar dates - KEEPING
[✓] Helsinki: 52 similar dates - KEEPING

--- Batch 4 (7-8 of 15) ---
[7/15] Expanding: OKC → Porto ($484)
[8/15] Expanding: OKC → Milan ($486)
[✓] Porto: 7 similar dates - KEEPING
[✓] Milan: 60 similar dates - KEEPING

--- Batch 5 (9-10 of 15) ---
[9/15] Expanding: OKC → Lisbon ($492)
[10/15] Expanding: OKC → Venice ($496)
[✗] Venice: Error - local variable 'actual_destination' referenced bef
[✓] Lisbon: 57 similar dates - KEEPING

--- Batch 6 (11-12 of 15) ---
[11/15] Expanding: OKC → Naples ($496)
[12/15] Amalfi - no IATA mapping
[✗] Naples: Error - local variable 'actual_destination' referenced bef

--- Batch 7 (13-14 of 15) ---
[13/15] Dolomites - no IATA mapping
[14/15] Expanding: OKC → Athens ($497)
[✓] Athens: 37 similar dates - KEEPING

--- Batch 8 (15-15 of 15) ---
[15/15] Expanding: OKC → Florence ($498)
[✓] Florence: 39 similar dates - KEEPING

============================================================
Summary:
  Total destinations found: 53
  Deals with valid dates: 53
  Deals expanded: 15
  Deals with sufficient flexibility: 9
============================================================

✅ Saved to okc_europe_deals.json
